<?xml version="1.0" encoding="UTF-8"?>
<!-- Generated by org.testng.reporters.JUnitXMLReporter -->
<testsuite ignored="0" hostname="Viru" failures="0" tests="6" name="Parallel" time="3.008" errors="0" timestamp="2022-08-01T14:47:00 IST">
  <testcase classname="com.qa.testBase.TestBase" name="@BeforeMethod SEtup" time="2.239">
    <failure type="java.lang.IllegalStateException" message="The path to the driver executable The path to the driver executable must be set by the webdriver.gecko.driver system property; for more information, see https://github.com/mozilla/geckodriver. The latest version can be downloaded from https://github.com/mozilla/geckodriver/releases">
      <![CDATA[java.lang.IllegalStateException: The path to the driver executable The path to the driver executable must be set by the webdriver.gecko.driver system property; for more information, see https://github.com/mozilla/geckodriver. The latest version can be downloaded from https://github.com/mozilla/geckodriver/releases
at org.openqa.selenium.internal.Require$StateChecker.nonNull(Require.java:311)
at org.openqa.selenium.remote.service.DriverService.findExecutable(DriverService.java:135)
at org.openqa.selenium.firefox.GeckoDriverService.access$100(GeckoDriverService.java:45)
at org.openqa.selenium.firefox.GeckoDriverService$Builder.findDefaultExecutable(GeckoDriverService.java:181)
at org.openqa.selenium.remote.service.DriverService$Builder.build(DriverService.java:437)
at org.openqa.selenium.firefox.GeckoDriverService.createDefaultService(GeckoDriverService.java:94)
at org.openqa.selenium.firefox.FirefoxDriver.<init>(FirefoxDriver.java:98)
at org.openqa.selenium.firefox.FirefoxDriver.<init>(FirefoxDriver.java:94)
at com.qa.testBase.TestBase.SEtup(TestBase.java:43)
at java.base/java.util.ArrayList.forEach(ArrayList.java:1511)
... Removed 29 stack frames]]>
    </failure>
  </testcase> <!-- @BeforeMethod SEtup -->
  <testcase classname="com.qa.testBase.TestBase" name="@AfterMethod Closesetup" time="-1.659345419496E9">
    <skipped/>
  </testcase> <!-- @AfterMethod Closesetup -->
  <testcase classname="com.qa.testBase.TestBase" name="@BeforeMethod SEtup" time="-1.659345419517E9">
    <skipped/>
  </testcase> <!-- @BeforeMethod SEtup -->
  <testcase classname="com.qa.testBase.TestBase" name="@AfterMethod Closesetup" time="-1.659345419574E9">
    <skipped/>
  </testcase> <!-- @AfterMethod Closesetup -->
  <testcase classname="com.qa.testBase.TestBase" name="@BeforeMethod SEtup" time="0.119">
    <failure type="java.lang.IllegalStateException" message="The path to the driver executable The path to the driver executable must be set by the webdriver.gecko.driver system property; for more information, see https://github.com/mozilla/geckodriver. The latest version can be downloaded from https://github.com/mozilla/geckodriver/releases">
      <![CDATA[java.lang.IllegalStateException: The path to the driver executable The path to the driver executable must be set by the webdriver.gecko.driver system property; for more information, see https://github.com/mozilla/geckodriver. The latest version can be downloaded from https://github.com/mozilla/geckodriver/releases
at org.openqa.selenium.internal.Require$StateChecker.nonNull(Require.java:311)
at org.openqa.selenium.remote.service.DriverService.findExecutable(DriverService.java:135)
at org.openqa.selenium.firefox.GeckoDriverService.access$100(GeckoDriverService.java:45)
at org.openqa.selenium.firefox.GeckoDriverService$Builder.findDefaultExecutable(GeckoDriverService.java:181)
at org.openqa.selenium.remote.service.DriverService$Builder.build(DriverService.java:437)
at org.openqa.selenium.firefox.GeckoDriverService.createDefaultService(GeckoDriverService.java:94)
at org.openqa.selenium.firefox.FirefoxDriver.<init>(FirefoxDriver.java:98)
at org.openqa.selenium.firefox.FirefoxDriver.<init>(FirefoxDriver.java:94)
at com.qa.testBase.TestBase.SEtup(TestBase.java:43)
at java.base/java.util.ArrayList.forEach(ArrayList.java:1511)
... Removed 29 stack frames]]>
    </failure>
  </testcase> <!-- @BeforeMethod SEtup -->
  <testcase classname="com.qa.testBase.TestBase" name="@AfterMethod Closesetup" time="-1.659345419744E9">
    <skipped/>
  </testcase> <!-- @AfterMethod Closesetup -->
  <testcase classname="com.qa.testBase.TestBase" name="@BeforeMethod SEtup" time="-1.659345419751E9">
    <skipped/>
  </testcase> <!-- @BeforeMethod SEtup -->
  <testcase classname="com.qa.testBase.TestBase" name="@AfterMethod Closesetup" time="-1.659345419795E9">
    <skipped/>
  </testcase> <!-- @AfterMethod Closesetup -->
  <testcase classname="com.qa.testBase.TestBase" name="@BeforeMethod SEtup" time="0.069">
    <failure type="java.lang.IllegalStateException" message="The path to the driver executable The path to the driver executable must be set by the webdriver.gecko.driver system property; for more information, see https://github.com/mozilla/geckodriver. The latest version can be downloaded from https://github.com/mozilla/geckodriver/releases">
      <![CDATA[java.lang.IllegalStateException: The path to the driver executable The path to the driver executable must be set by the webdriver.gecko.driver system property; for more information, see https://github.com/mozilla/geckodriver. The latest version can be downloaded from https://github.com/mozilla/geckodriver/releases
at org.openqa.selenium.internal.Require$StateChecker.nonNull(Require.java:311)
at org.openqa.selenium.remote.service.DriverService.findExecutable(DriverService.java:135)
at org.openqa.selenium.firefox.GeckoDriverService.access$100(GeckoDriverService.java:45)
at org.openqa.selenium.firefox.GeckoDriverService$Builder.findDefaultExecutable(GeckoDriverService.java:181)
at org.openqa.selenium.remote.service.DriverService$Builder.build(DriverService.java:437)
at org.openqa.selenium.firefox.GeckoDriverService.createDefaultService(GeckoDriverService.java:94)
at org.openqa.selenium.firefox.FirefoxDriver.<init>(FirefoxDriver.java:98)
at org.openqa.selenium.firefox.FirefoxDriver.<init>(FirefoxDriver.java:94)
at com.qa.testBase.TestBase.SEtup(TestBase.java:43)
at java.base/java.util.ArrayList.forEach(ArrayList.java:1511)
... Removed 29 stack frames]]>
    </failure>
  </testcase> <!-- @BeforeMethod SEtup -->
  <testcase classname="com.qa.testBase.TestBase" name="@AfterMethod Closesetup" time="-1.65934541991E9">
    <skipped/>
  </testcase> <!-- @AfterMethod Closesetup -->
  <testcase classname="com.qa.testBase.TestBase" name="@BeforeMethod SEtup" time="0.07">
    <failure type="java.lang.IllegalStateException" message="The path to the driver executable The path to the driver executable must be set by the webdriver.gecko.driver system property; for more information, see https://github.com/mozilla/geckodriver. The latest version can be downloaded from https://github.com/mozilla/geckodriver/releases">
      <![CDATA[java.lang.IllegalStateException: The path to the driver executable The path to the driver executable must be set by the webdriver.gecko.driver system property; for more information, see https://github.com/mozilla/geckodriver. The latest version can be downloaded from https://github.com/mozilla/geckodriver/releases
at org.openqa.selenium.internal.Require$StateChecker.nonNull(Require.java:311)
at org.openqa.selenium.remote.service.DriverService.findExecutable(DriverService.java:135)
at org.openqa.selenium.firefox.GeckoDriverService.access$100(GeckoDriverService.java:45)
at org.openqa.selenium.firefox.GeckoDriverService$Builder.findDefaultExecutable(GeckoDriverService.java:181)
at org.openqa.selenium.remote.service.DriverService$Builder.build(DriverService.java:437)
at org.openqa.selenium.firefox.GeckoDriverService.createDefaultService(GeckoDriverService.java:94)
at org.openqa.selenium.firefox.FirefoxDriver.<init>(FirefoxDriver.java:98)
at org.openqa.selenium.firefox.FirefoxDriver.<init>(FirefoxDriver.java:94)
at com.qa.testBase.TestBase.SEtup(TestBase.java:43)
at java.base/java.util.ArrayList.forEach(ArrayList.java:1511)
... Removed 29 stack frames]]>
    </failure>
  </testcase> <!-- @BeforeMethod SEtup -->
  <testcase classname="com.qa.testBase.TestBase" name="@AfterMethod Closesetup" time="-1.659345420026E9">
    <skipped/>
  </testcase> <!-- @AfterMethod Closesetup -->
  <testcase classname="com.qa.testLayer.TestCase1_buy" name="BuyShare1" time="0.0">
    <skipped/>
  </testcase> <!-- BuyShare1 -->
  <testcase classname="com.qa.testLayer.TestCase1_buy" name="BuyShare2" time="0.0">
    <skipped/>
  </testcase> <!-- BuyShare2 -->
  <testcase classname="com.qa.testLayer.SaleShare_Test" name="Sale_share1" time="0.0">
    <skipped/>
  </testcase> <!-- Sale_share1 -->
  <testcase classname="com.qa.testLayer.SaleShare_Test" name="Sale_share2" time="0.0">
    <skipped/>
  </testcase> <!-- Sale_share2 -->
  <testcase classname="com.qa.testLayer.TestCase2" name="Test2" time="0.0">
    <skipped/>
  </testcase> <!-- Test2 -->
  <testcase classname="com.qa.testLayer.LoginPageTest" name="LoginToSite" time="0.0">
    <skipped/>
  </testcase> <!-- LoginToSite -->
</testsuite> <!-- Parallel -->
